  2024-04-13T05:57:32.793934Z DEBUG quinn_proto::endpoint: IO event: endpoint handling datagram from [::1]:55911
    at quinn-proto/src/endpoint.rs:143
    in quinn_proto::endpoint::handle

  2024-04-13T05:57:32.793958Z DEBUG quinn_proto::endpoint: API effect: new Incoming connection
    at quinn-proto/src/endpoint.rs:507
    in quinn_proto::endpoint::handle

  2024-04-13T05:57:32.793976Z  INFO server: accepting connection
    at quinn/examples/server.rs:169

  2024-04-13T05:57:32.794023Z DEBUG quinn_proto::endpoint: API event: endpoint accepting Incoming
    at quinn-proto/src/endpoint.rs:534
    in quinn_proto::endpoint::accept with self: Endpoint { rng: StdRng(ChaCha12Rng { rng: BlockRng { core: ChaChaXCore {}, result_len: 64, index: 48 } }), index: ConnectionIndex { connection_ids_initial: {}, connection_ids: {}, connection_remotes: {}, connection_reset_tokens: ResetTokenTable({}) }, connections: Slab { len: 0, cap: 4 }, config: EndpointConfig { reset_key: "[ elided ]", max_udp_payload_size: 1472, cid_generator_factory: "[ elided ]", supported_versions: [1, 4278190109, 4278190110, 4278190111, 4278190112, 4278190113, 4278190114], grease_quic_bit: true }, server_config: Some(ServerConfig<T> { transport: TransportConfig { max_concurrent_bidi_streams: 100, max_concurrent_uni_streams: 0, max_idle_timeout: Some(10000), stream_receive_window: 1250000, receive_window: 4611686018427387903, send_window: 10000000, packet_threshold: 3, time_threshold: 1.125, initial_rtt: 333ms, initial_mtu: 1200, min_mtu: 1200, mtu_discovery_config: Some(MtuDiscoveryConfig { interval: 600s, upper_bound: 1452, minimum_change: 20, black_hole_cooldown: 60s }), ack_frequency_config: None, persistent_congestion_threshold: 3, keep_alive_interval: None, crypto_buffer_size: 16384, allow_spin: true, datagram_receive_buffer_size: Some(1250000), datagram_send_buffer_size: 1048576, congestion_controller_factory: "[ opaque ]", enable_segmentation_offload: true }, crypto: "ServerConfig { elided }", token_key: "[ elided ]", retry_token_lifetime: 15s, migration: true }) }, incoming: Incoming { addresses: FourTuple { remote: [::1]:55911, local_ip: Some(::1) }, ecn: Some(Ect0), retry_src_cid: None, orig_dst_cid: <6694a54201edfe079341e2dd1145bff8afc493a4>, .. }, now: Instant { tv_sec: 376972, tv_nsec: 535505416 }, buf: b""

  2024-04-13T05:57:32.794057Z DEBUG quinn_proto::endpoint: direct internal effect: having connection handle first packet
    at quinn-proto/src/endpoint.rs:610
    in quinn_proto::endpoint::accept with self: Endpoint { rng: StdRng(ChaCha12Rng { rng: BlockRng { core: ChaChaXCore {}, result_len: 64, index: 48 } }), index: ConnectionIndex { connection_ids_initial: {}, connection_ids: {}, connection_remotes: {}, connection_reset_tokens: ResetTokenTable({}) }, connections: Slab { len: 0, cap: 4 }, config: EndpointConfig { reset_key: "[ elided ]", max_udp_payload_size: 1472, cid_generator_factory: "[ elided ]", supported_versions: [1, 4278190109, 4278190110, 4278190111, 4278190112, 4278190113, 4278190114], grease_quic_bit: true }, server_config: Some(ServerConfig<T> { transport: TransportConfig { max_concurrent_bidi_streams: 100, max_concurrent_uni_streams: 0, max_idle_timeout: Some(10000), stream_receive_window: 1250000, receive_window: 4611686018427387903, send_window: 10000000, packet_threshold: 3, time_threshold: 1.125, initial_rtt: 333ms, initial_mtu: 1200, min_mtu: 1200, mtu_discovery_config: Some(MtuDiscoveryConfig { interval: 600s, upper_bound: 1452, minimum_change: 20, black_hole_cooldown: 60s }), ack_frequency_config: None, persistent_congestion_threshold: 3, keep_alive_interval: None, crypto_buffer_size: 16384, allow_spin: true, datagram_receive_buffer_size: Some(1250000), datagram_send_buffer_size: 1048576, congestion_controller_factory: "[ opaque ]", enable_segmentation_offload: true }, crypto: "ServerConfig { elided }", token_key: "[ elided ]", retry_token_lifetime: 15s, migration: true }) }, incoming: Incoming { addresses: FourTuple { remote: [::1]:55911, local_ip: Some(::1) }, ecn: Some(Ect0), retry_src_cid: None, orig_dst_cid: <6694a54201edfe079341e2dd1145bff8afc493a4>, .. }, now: Instant { tv_sec: 376972, tv_nsec: 535505416 }, buf: b""

  2024-04-13T05:57:32.794064Z DEBUG quinn_proto::connection: internal event: connection handling first packet
    at quinn-proto/src/connection/mod.rs:1836
    in quinn_proto::connection::handle_first_packet
    in quinn_proto::endpoint::accept with self: Endpoint { rng: StdRng(ChaCha12Rng { rng: BlockRng { core: ChaChaXCore {}, result_len: 64, index: 48 } }), index: ConnectionIndex { connection_ids_initial: {}, connection_ids: {}, connection_remotes: {}, connection_reset_tokens: ResetTokenTable({}) }, connections: Slab { len: 0, cap: 4 }, config: EndpointConfig { reset_key: "[ elided ]", max_udp_payload_size: 1472, cid_generator_factory: "[ elided ]", supported_versions: [1, 4278190109, 4278190110, 4278190111, 4278190112, 4278190113, 4278190114], grease_quic_bit: true }, server_config: Some(ServerConfig<T> { transport: TransportConfig { max_concurrent_bidi_streams: 100, max_concurrent_uni_streams: 0, max_idle_timeout: Some(10000), stream_receive_window: 1250000, receive_window: 4611686018427387903, send_window: 10000000, packet_threshold: 3, time_threshold: 1.125, initial_rtt: 333ms, initial_mtu: 1200, min_mtu: 1200, mtu_discovery_config: Some(MtuDiscoveryConfig { interval: 600s, upper_bound: 1452, minimum_change: 20, black_hole_cooldown: 60s }), ack_frequency_config: None, persistent_congestion_threshold: 3, keep_alive_interval: None, crypto_buffer_size: 16384, allow_spin: true, datagram_receive_buffer_size: Some(1250000), datagram_send_buffer_size: 1048576, congestion_controller_factory: "[ opaque ]", enable_segmentation_offload: true }, crypto: "ServerConfig { elided }", token_key: "[ elided ]", retry_token_lifetime: 15s, migration: true }) }, incoming: Incoming { addresses: FourTuple { remote: [::1]:55911, local_ip: Some(::1) }, ecn: Some(Ect0), retry_src_cid: None, orig_dst_cid: <6694a54201edfe079341e2dd1145bff8afc493a4>, .. }, now: Instant { tv_sec: 376972, tv_nsec: 535505416 }, buf: b""

  2024-04-13T05:57:32.794231Z DEBUG quinn_proto::connection: API effect: connection handshake data ready
    at quinn-proto/src/connection/mod.rs:1957
    in quinn_proto::connection::handle_first_packet
    in quinn_proto::endpoint::accept with self: Endpoint { rng: StdRng(ChaCha12Rng { rng: BlockRng { core: ChaChaXCore {}, result_len: 64, index: 48 } }), index: ConnectionIndex { connection_ids_initial: {}, connection_ids: {}, connection_remotes: {}, connection_reset_tokens: ResetTokenTable({}) }, connections: Slab { len: 0, cap: 4 }, config: EndpointConfig { reset_key: "[ elided ]", max_udp_payload_size: 1472, cid_generator_factory: "[ elided ]", supported_versions: [1, 4278190109, 4278190110, 4278190111, 4278190112, 4278190113, 4278190114], grease_quic_bit: true }, server_config: Some(ServerConfig<T> { transport: TransportConfig { max_concurrent_bidi_streams: 100, max_concurrent_uni_streams: 0, max_idle_timeout: Some(10000), stream_receive_window: 1250000, receive_window: 4611686018427387903, send_window: 10000000, packet_threshold: 3, time_threshold: 1.125, initial_rtt: 333ms, initial_mtu: 1200, min_mtu: 1200, mtu_discovery_config: Some(MtuDiscoveryConfig { interval: 600s, upper_bound: 1452, minimum_change: 20, black_hole_cooldown: 60s }), ack_frequency_config: None, persistent_congestion_threshold: 3, keep_alive_interval: None, crypto_buffer_size: 16384, allow_spin: true, datagram_receive_buffer_size: Some(1250000), datagram_send_buffer_size: 1048576, congestion_controller_factory: "[ opaque ]", enable_segmentation_offload: true }, crypto: "ServerConfig { elided }", token_key: "[ elided ]", retry_token_lifetime: 15s, migration: true }) }, incoming: Incoming { addresses: FourTuple { remote: [::1]:55911, local_ip: Some(::1) }, ecn: Some(Ect0), retry_src_cid: None, orig_dst_cid: <6694a54201edfe079341e2dd1145bff8afc493a4>, .. }, now: Instant { tv_sec: 376972, tv_nsec: 535505416 }, buf: b""

  2024-04-13T05:57:32.794281Z DEBUG quinn_proto::connection: internal effect: connection asking endpoint for first cids
    at quinn-proto/src/connection/mod.rs:2987
    in quinn_proto::connection::handle_first_packet
    in quinn_proto::endpoint::accept with self: Endpoint { rng: StdRng(ChaCha12Rng { rng: BlockRng { core: ChaChaXCore {}, result_len: 64, index: 48 } }), index: ConnectionIndex { connection_ids_initial: {}, connection_ids: {}, connection_remotes: {}, connection_reset_tokens: ResetTokenTable({}) }, connections: Slab { len: 0, cap: 4 }, config: EndpointConfig { reset_key: "[ elided ]", max_udp_payload_size: 1472, cid_generator_factory: "[ elided ]", supported_versions: [1, 4278190109, 4278190110, 4278190111, 4278190112, 4278190113, 4278190114], grease_quic_bit: true }, server_config: Some(ServerConfig<T> { transport: TransportConfig { max_concurrent_bidi_streams: 100, max_concurrent_uni_streams: 0, max_idle_timeout: Some(10000), stream_receive_window: 1250000, receive_window: 4611686018427387903, send_window: 10000000, packet_threshold: 3, time_threshold: 1.125, initial_rtt: 333ms, initial_mtu: 1200, min_mtu: 1200, mtu_discovery_config: Some(MtuDiscoveryConfig { interval: 600s, upper_bound: 1452, minimum_change: 20, black_hole_cooldown: 60s }), ack_frequency_config: None, persistent_congestion_threshold: 3, keep_alive_interval: None, crypto_buffer_size: 16384, allow_spin: true, datagram_receive_buffer_size: Some(1250000), datagram_send_buffer_size: 1048576, congestion_controller_factory: "[ opaque ]", enable_segmentation_offload: true }, crypto: "ServerConfig { elided }", token_key: "[ elided ]", retry_token_lifetime: 15s, migration: true }) }, incoming: Incoming { addresses: FourTuple { remote: [::1]:55911, local_ip: Some(::1) }, ecn: Some(Ect0), retry_src_cid: None, orig_dst_cid: <6694a54201edfe079341e2dd1145bff8afc493a4>, .. }, now: Instant { tv_sec: 376972, tv_nsec: 535505416 }, buf: b""

  2024-04-13T05:57:32.794303Z  INFO server: established
    at quinn/examples/server.rs:203
    in server::connection with remote: [::1]:55911, protocol: hq-29

  2024-04-13T05:57:32.794314Z DEBUG quinn_proto::packet: encoding packet header: Initial(
    InitialHeader {
        dst_cid: <800990c64ed758da>,
        src_cid: <3b014eacb1e23a06>,
        token: b"",
        number: 0,
        version: 1,
    },
)
    at quinn-proto/src/packet.rs:292
    in quinn_proto::connection::poll_transmit
    in quinn::connection::drive with id: 1

  2024-04-13T05:57:32.794326Z DEBUG quinn_proto::frame: encoding frame header: ACK_ECN
    at quinn-proto/src/frame.rs:46
    in quinn_proto::connection::poll_transmit
    in quinn::connection::drive with id: 1

  2024-04-13T05:57:32.794331Z DEBUG quinn_proto::frame: encoding frame header: CRYPTO
    at quinn-proto/src/frame.rs:46
    in quinn_proto::connection::poll_transmit
    in quinn::connection::drive with id: 1

  2024-04-13T05:57:32.794339Z DEBUG quinn_proto::packet: encoding packet header: Long {
    ty: Handshake,
    dst_cid: <800990c64ed758da>,
    src_cid: <3b014eacb1e23a06>,
    number: 0,
    version: 1,
}
    at quinn-proto/src/packet.rs:292
    in quinn_proto::connection::poll_transmit
    in quinn::connection::drive with id: 1

  2024-04-13T05:57:32.794347Z DEBUG quinn_proto::frame: encoding frame header: CRYPTO
    at quinn-proto/src/frame.rs:46
    in quinn_proto::connection::poll_transmit
    in quinn::connection::drive with id: 1

  2024-04-13T05:57:32.794352Z DEBUG quinn_proto::connection: IO effect: Transmitting normally
    at quinn-proto/src/connection/mod.rs:938
    in quinn_proto::connection::poll_transmit
    in quinn::connection::drive with id: 1

  2024-04-13T05:57:32.794364Z DEBUG quinn_proto::endpoint: internal event: endpoint handling event from connection 1:
NeedIdentifiers(
    Instant {
        tv_sec: 376972,
        tv_nsec: 535505416,
    },
    4,
)
    at quinn-proto/src/endpoint.rs:94
    in quinn_proto::endpoint::handle_event

  2024-04-13T05:57:32.794375Z DEBUG quinn_proto::endpoint: internal effect: sending new identifiers to connections
    at quinn-proto/src/endpoint.rs:440
    in quinn_proto::endpoint::handle_event

  2024-04-13T05:57:32.794391Z DEBUG quinn::runtime::tokio: IO effect: transmitted datagram
    at quinn/src/runtime/tokio.rs:65
    in quinn::runtime::tokio::poll_send entry
    in quinn::runtime::tokio::poll_send

  2024-04-13T05:57:32.798138Z DEBUG quinn_proto::connection: internal event: connection handling event from endpoint:
NewIdentifiers(
    [
        IssuedCid {
            sequence: 1,
            id: <3f428a1caa743f17>,
            reset_token: 8dedaa659000ac1b8b3793861ea1366d,
        },
        IssuedCid {
            sequence: 2,
            id: <dcd151e7ba70174b>,
            reset_token: 9ef91fc64acb7b3ed346eb7434c59ac7,
        },
        IssuedCid {
            sequence: 3,
            id: <d585c12bf75551d8>,
            reset_token: 1eb113e648c521ec741d6c56d5c276d4,
        },
        IssuedCid {
            sequence: 4,
            id: <3a4ad97bbb27c020>,
            reset_token: c7efea952e74253559012c0f09379105,
        },
    ],
    Instant { tv_sec: 376972, tv_nsec: 535505416 },
)
    at quinn-proto/src/connection/mod.rs:995
    in quinn_proto::connection::handle_event
    in quinn::connection::process_conn_events
    in quinn::connection::drive with id: 1

  2024-04-13T05:57:32.798174Z DEBUG quinn_proto::packet: encoding packet header: Short {
    spin: true,
    key_phase: false,
    dst_cid: <800990c64ed758da>,
    number: 0,
}
    at quinn-proto/src/packet.rs:292
    in quinn_proto::connection::poll_transmit
    in quinn::connection::drive with id: 1

  2024-04-13T05:57:32.798184Z DEBUG quinn_proto::frame: encoding frame header: NEW_CONNECTION_ID
    at quinn-proto/src/frame.rs:46
    in quinn_proto::connection::poll_transmit
    in quinn::connection::drive with id: 1

  2024-04-13T05:57:32.798189Z DEBUG quinn_proto::frame: encoding frame header: NEW_CONNECTION_ID
    at quinn-proto/src/frame.rs:46
    in quinn_proto::connection::poll_transmit
    in quinn::connection::drive with id: 1

  2024-04-13T05:57:32.798197Z DEBUG quinn_proto::frame: encoding frame header: NEW_CONNECTION_ID
    at quinn-proto/src/frame.rs:46
    in quinn_proto::connection::poll_transmit
    in quinn::connection::drive with id: 1

  2024-04-13T05:57:32.798202Z DEBUG quinn_proto::frame: encoding frame header: NEW_CONNECTION_ID
    at quinn-proto/src/frame.rs:46
    in quinn_proto::connection::poll_transmit
    in quinn::connection::drive with id: 1

  2024-04-13T05:57:32.798208Z DEBUG quinn_proto::connection: IO effect: Transmitting normally
    at quinn-proto/src/connection/mod.rs:938
    in quinn_proto::connection::poll_transmit
    in quinn::connection::drive with id: 1

  2024-04-13T05:57:32.798222Z DEBUG quinn::runtime::tokio: IO effect: transmitted datagram
    at quinn/src/runtime/tokio.rs:65
    in quinn::runtime::tokio::poll_send entry
    in quinn::runtime::tokio::poll_send

  2024-04-13T05:57:32.815519Z DEBUG quinn_proto::endpoint: IO event: endpoint handling datagram from [::1]:55911
    at quinn-proto/src/endpoint.rs:143
    in quinn_proto::endpoint::handle

  2024-04-13T05:57:32.815533Z DEBUG quinn_proto::endpoint: internal effect: attributing datagram to existing connection 1
    at quinn-proto/src/endpoint.rs:201
    in quinn_proto::endpoint::handle

  2024-04-13T05:57:32.815547Z DEBUG quinn_proto::endpoint: IO event: endpoint handling datagram from [::1]:55911
    at quinn-proto/src/endpoint.rs:143
    in quinn_proto::endpoint::handle

  2024-04-13T05:57:32.815557Z DEBUG quinn_proto::endpoint: internal effect: attributing datagram to existing connection 1
    at quinn-proto/src/endpoint.rs:201
    in quinn_proto::endpoint::handle

  2024-04-13T05:57:32.815581Z DEBUG quinn_proto::connection: internal event: connection handling event from endpoint:
Datagram {
    now: Instant { tv_sec: 376972, tv_nsec: 557015674 },
    remote: [::1]:55911,
    ecn: Some(Ect0),
    first_decode: PartialDecode {
        plain_header: Initial(
            PlainInitialHeader {
                dst_cid: <3b014eacb1e23a06>,
                src_cid: <800990c64ed758da>,
                token_pos: 24..24,
                len: 26,
                version: 1,
            },
        ),
        buf.get_ref().len(): 52,
        buf.position(): 26,
        ..
    },
    remaining.as_ref().map(|b| b.len()): Some(
        1148,
    ),
}
    at quinn-proto/src/connection/mod.rs:995
    in quinn_proto::connection::handle_event
    in quinn::connection::process_conn_events
    in quinn::connection::drive with id: 1

  2024-04-13T05:57:32.815681Z DEBUG quinn_proto::endpoint: IO event: endpoint handling datagram from [::1]:55911
    at quinn-proto/src/endpoint.rs:143
    in quinn_proto::endpoint::handle

  2024-04-13T05:57:32.815695Z DEBUG quinn_proto::endpoint: internal effect: attributing datagram to existing connection 1
    at quinn-proto/src/endpoint.rs:201
    in quinn_proto::endpoint::handle

  2024-04-13T05:57:32.815841Z DEBUG quinn_proto::connection: API effect: connection established
    at quinn-proto/src/connection/mod.rs:2434
    in quinn_proto::connection::handle_event
    in quinn::connection::process_conn_events
    in quinn::connection::drive with id: 1

  2024-04-13T05:57:32.815863Z DEBUG quinn_proto::connection: internal event: connection handling event from endpoint:
Datagram {
    now: Instant { tv_sec: 376972, tv_nsec: 557015674 },
    remote: [::1]:55911,
    ecn: Some(Ect0),
    first_decode: PartialDecode {
        plain_header: Short {
            spin: true,
            dst_cid: <3b014eacb1e23a06>,
        },
        buf.get_ref().len(): 1326,
        buf.position(): 9,
        ..
    },
    remaining.as_ref().map(|b| b.len()): None,
}
    at quinn-proto/src/connection/mod.rs:995
    in quinn_proto::connection::handle_event
    in quinn::connection::process_conn_events
    in quinn::connection::drive with id: 1

  2024-04-13T05:57:32.815980Z DEBUG quinn_proto::connection: internal event: connection handling event from endpoint:
Datagram {
    now: Instant { tv_sec: 376972, tv_nsec: 557180849 },
    remote: [::1]:55911,
    ecn: Some(Ect0),
    first_decode: PartialDecode {
        plain_header: Short {
            spin: true,
            dst_cid: <3b014eacb1e23a06>,
        },
        buf.get_ref().len(): 157,
        buf.position(): 9,
        ..
    },
    remaining.as_ref().map(|b| b.len()): None,
}
    at quinn-proto/src/connection/mod.rs:995
    in quinn_proto::connection::handle_event
    in quinn::connection::process_conn_events
    in quinn::connection::drive with id: 1

  2024-04-13T05:57:32.816035Z DEBUG quinn_proto::connection: internal effect: connection setting its reset token
    at quinn-proto/src/connection/mod.rs:2967
    in quinn_proto::connection::handle_event
    in quinn::connection::process_conn_events
    in quinn::connection::drive with id: 1

  2024-04-13T05:57:32.816070Z DEBUG quinn_proto::packet: encoding packet header: Short {
    spin: true,
    key_phase: false,
    dst_cid: <77809a259466f209>,
    number: 1,
}
    at quinn-proto/src/packet.rs:292
    in quinn_proto::connection::poll_transmit
    in quinn::connection::drive with id: 1

  2024-04-13T05:57:32.816098Z DEBUG quinn_proto::frame: encoding frame header: HANDSHAKE_DONE
    at quinn-proto/src/frame.rs:46
    in quinn_proto::connection::poll_transmit
    in quinn::connection::drive with id: 1

  2024-04-13T05:57:32.816111Z DEBUG quinn_proto::frame: encoding frame header: ACK_ECN
    at quinn-proto/src/frame.rs:46
    in quinn_proto::connection::poll_transmit
    in quinn::connection::drive with id: 1

  2024-04-13T05:57:32.816123Z DEBUG quinn_proto::frame: encoding frame header: CRYPTO
    at quinn-proto/src/frame.rs:46
    in quinn_proto::connection::poll_transmit
    in quinn::connection::drive with id: 1

  2024-04-13T05:57:32.816135Z DEBUG quinn_proto::frame: encoding frame header: RETIRE_CONNECTION_ID
    at quinn-proto/src/frame.rs:46
    in quinn_proto::connection::poll_transmit
    in quinn::connection::drive with id: 1

  2024-04-13T05:57:32.816151Z DEBUG quinn_proto::connection: IO effect: Transmitting normally
    at quinn-proto/src/connection/mod.rs:938
    in quinn_proto::connection::poll_transmit
    in quinn::connection::drive with id: 1

  2024-04-13T05:57:32.816167Z DEBUG quinn_proto::packet: encoding packet header: Short {
    spin: false,
    key_phase: false,
    dst_cid: <77809a259466f209>,
    number: 2,
}
    at quinn-proto/src/packet.rs:292
    in quinn_proto::connection::poll_transmit
    in quinn::connection::drive with id: 1

  2024-04-13T05:57:32.816188Z DEBUG quinn_proto::frame: encoding frame header: PING
    at quinn-proto/src/frame.rs:46
    in quinn_proto::connection::poll_transmit
    in quinn::connection::drive with id: 1

  2024-04-13T05:57:32.816198Z DEBUG quinn_proto::frame: encoding frame header: IMMEDIATE_ACK
    at quinn-proto/src/frame.rs:46
    in quinn_proto::connection::poll_transmit
    in quinn::connection::drive with id: 1

  2024-04-13T05:57:32.816212Z DEBUG quinn_proto::connection: IO effect: Transmitting normally
    at quinn-proto/src/connection/mod.rs:938
    in quinn_proto::connection::poll_transmit
    in quinn::connection::drive with id: 1

  2024-04-13T05:57:32.816235Z DEBUG quinn_proto::connection::streams::state: API effect: StreamEvent::Opened
    at quinn-proto/src/connection/streams/state.rs:728
    in quinn_proto::connection::streams::state::poll
    in quinn::connection::drive with id: 1

  2024-04-13T05:57:32.816275Z  INFO server: content: GET /noise.bin\r\n
    at quinn/examples/server.rs:251
    in server::request
    in server::connection with remote: [::1]:55911, protocol: hq-29

  2024-04-13T05:57:32.816344Z DEBUG quinn_proto::packet: encoding packet header: Short {
    spin: false,
    key_phase: false,
    dst_cid: <77809a259466f209>,
    number: 3,
}
    at quinn-proto/src/packet.rs:292
    in quinn_proto::connection::poll_transmit
    in quinn::connection::drive with id: 1

  2024-04-13T05:57:32.816364Z DEBUG quinn_proto::frame: encoding frame header: MAX_STREAMS_BIDI
    at quinn-proto/src/frame.rs:46
    in quinn_proto::connection::poll_transmit
    in quinn::connection::drive with id: 1

  2024-04-13T05:57:32.816354Z DEBUG quinn_proto::endpoint: internal event: endpoint handling event from connection 1:
ResetToken(
    [::1]:55911,
    c7f8df2639a2b46c18de664b09d033a8,
)
    at quinn-proto/src/endpoint.rs:94
    in quinn_proto::endpoint::handle_event

  2024-04-13T05:57:32.816380Z DEBUG quinn_proto::connection: IO effect: Transmitting normally
    at quinn-proto/src/connection/mod.rs:938
    in quinn_proto::connection::poll_transmit
    in quinn::connection::drive with id: 1

  2024-04-13T05:57:32.816469Z DEBUG quinn::runtime::tokio: IO effect: transmitted datagram
    at quinn/src/runtime/tokio.rs:65
    in quinn::runtime::tokio::poll_send entry
    in quinn::runtime::tokio::poll_send

  2024-04-13T05:57:32.816485Z DEBUG quinn::runtime::tokio: IO effect: transmitted datagram
    at quinn/src/runtime/tokio.rs:65
    in quinn::runtime::tokio::poll_send entry
    in quinn::runtime::tokio::poll_send

  2024-04-13T05:57:32.816515Z DEBUG quinn::runtime::tokio: IO effect: transmitted datagram
    at quinn/src/runtime/tokio.rs:65
    in quinn::runtime::tokio::poll_send entry
    in quinn::runtime::tokio::poll_send

  2024-04-13T05:57:32.836984Z DEBUG quinn_proto::endpoint: IO event: endpoint handling datagram from [::1]:55911
    at quinn-proto/src/endpoint.rs:143
    in quinn_proto::endpoint::handle

  2024-04-13T05:57:32.836989Z DEBUG quinn_proto::endpoint: internal effect: attributing datagram to existing connection 1
    at quinn-proto/src/endpoint.rs:201
    in quinn_proto::endpoint::handle

  2024-04-13T05:57:32.836996Z DEBUG quinn_proto::endpoint: IO event: endpoint handling datagram from [::1]:55911
    at quinn-proto/src/endpoint.rs:143
    in quinn_proto::endpoint::handle

  2024-04-13T05:57:32.837000Z DEBUG quinn_proto::endpoint: internal effect: attributing datagram to existing connection 1
    at quinn-proto/src/endpoint.rs:201
    in quinn_proto::endpoint::handle

  2024-04-13T05:57:32.837008Z DEBUG quinn_proto::connection: internal event: connection handling event from endpoint:
Datagram {
    now: Instant { tv_sec: 376972, tv_nsec: 578490102 },
    remote: [::1]:55911,
    ecn: Some(Ect0),
    first_decode: PartialDecode {
        plain_header: Short {
            spin: true,
            dst_cid: <3b014eacb1e23a06>,
        },
        buf.get_ref().len(): 34,
        buf.position(): 9,
        ..
    },
    remaining.as_ref().map(|b| b.len()): None,
}
    at quinn-proto/src/connection/mod.rs:995
    in quinn_proto::connection::handle_event
    in quinn::connection::process_conn_events
    in quinn::connection::drive with id: 1

  2024-04-13T05:57:32.837044Z DEBUG quinn_proto::connection::streams::state: API effect: StreamEvent::Finished, id: client bidirectional stream 0
    at quinn-proto/src/connection/streams/state.rs:612
    in quinn_proto::connection::handle_event
    in quinn::connection::process_conn_events
    in quinn::connection::drive with id: 1

  2024-04-13T05:57:32.837058Z DEBUG quinn_proto::connection: internal event: connection handling event from endpoint:
Datagram {
    now: Instant { tv_sec: 376972, tv_nsec: 578490102 },
    remote: [::1]:55911,
    ecn: Some(Ect0),
    first_decode: PartialDecode {
        plain_header: Short {
            spin: true,
            dst_cid: <3b014eacb1e23a06>,
        },
        buf.get_ref().len(): 1389,
        buf.position(): 9,
        ..
    },
    remaining.as_ref().map(|b| b.len()): None,
}
    at quinn-proto/src/connection/mod.rs:995
    in quinn_proto::connection::handle_event
    in quinn::connection::process_conn_events
    in quinn::connection::drive with id: 1

  2024-04-13T05:57:32.837091Z DEBUG quinn_proto::endpoint: IO event: endpoint handling datagram from [::1]:55911
    at quinn-proto/src/endpoint.rs:143
    in quinn_proto::endpoint::handle

  2024-04-13T05:57:32.837102Z DEBUG quinn_proto::endpoint: internal effect: attributing datagram to existing connection 1
    at quinn-proto/src/endpoint.rs:201
    in quinn_proto::endpoint::handle

  2024-04-13T05:57:32.837109Z DEBUG quinn_proto::packet: encoding packet header: Short {
    spin: true,
    key_phase: false,
    dst_cid: <77809a259466f209>,
    number: 4,
}
    at quinn-proto/src/packet.rs:292
    in quinn_proto::connection::poll_transmit
    in quinn::connection::drive with id: 1

  2024-04-13T05:57:32.837119Z DEBUG quinn_proto::frame: encoding frame header: ACK_ECN
    at quinn-proto/src/frame.rs:46
    in quinn_proto::connection::poll_transmit
    in quinn::connection::drive with id: 1

  2024-04-13T05:57:32.837125Z DEBUG quinn_proto::frame: encoding frame header: MAX_STREAMS_BIDI
    at quinn-proto/src/frame.rs:46
    in quinn_proto::connection::poll_transmit
    in quinn::connection::drive with id: 1

  2024-04-13T05:57:32.837131Z DEBUG quinn_proto::connection: IO effect: Transmitting normally
    at quinn-proto/src/connection/mod.rs:938
    in quinn_proto::connection::poll_transmit
    in quinn::connection::drive with id: 1

  2024-04-13T05:57:32.837137Z DEBUG quinn_proto::packet: encoding packet header: Short {
    spin: false,
    key_phase: false,
    dst_cid: <77809a259466f209>,
    number: 5,
}
    at quinn-proto/src/packet.rs:292
    in quinn_proto::connection::poll_transmit
    in quinn::connection::drive with id: 1

  2024-04-13T05:57:32.837146Z DEBUG quinn_proto::frame: encoding frame header: PING
    at quinn-proto/src/frame.rs:46
    in quinn_proto::connection::poll_transmit
    in quinn::connection::drive with id: 1

  2024-04-13T05:57:32.837151Z DEBUG quinn_proto::frame: encoding frame header: IMMEDIATE_ACK
    at quinn-proto/src/frame.rs:46
    in quinn_proto::connection::poll_transmit
    in quinn::connection::drive with id: 1

  2024-04-13T05:57:32.837157Z DEBUG quinn_proto::connection: IO effect: Transmitting normally
    at quinn-proto/src/connection/mod.rs:938
    in quinn_proto::connection::poll_transmit
    in quinn::connection::drive with id: 1

  2024-04-13T05:57:32.837169Z  INFO server: complete
    at quinn/examples/server.rs:265
    in server::request
    in server::connection with remote: [::1]:55911, protocol: hq-29

  2024-04-13T05:57:32.837181Z DEBUG quinn_proto::connection: internal event: connection handling event from endpoint:
Datagram {
    now: Instant { tv_sec: 376972, tv_nsec: 578591455 },
    remote: [::1]:55911,
    ecn: Some(Ect0),
    first_decode: PartialDecode {
        plain_header: Short {
            spin: true,
            dst_cid: <3b014eacb1e23a06>,
        },
        buf.get_ref().len(): 54,
        buf.position(): 9,
        ..
    },
    remaining.as_ref().map(|b| b.len()): None,
}
    at quinn-proto/src/connection/mod.rs:995
    in quinn_proto::connection::handle_event
    in quinn::connection::process_conn_events
    in quinn::connection::drive with id: 1

  2024-04-13T05:57:32.837210Z DEBUG quinn::runtime::tokio: IO effect: transmitted datagram
    at quinn/src/runtime/tokio.rs:65
    in quinn::runtime::tokio::poll_send entry
    in quinn::runtime::tokio::poll_send

  2024-04-13T05:57:32.837224Z DEBUG quinn::runtime::tokio: IO effect: transmitted datagram
    at quinn/src/runtime/tokio.rs:65
    in quinn::runtime::tokio::poll_send entry
    in quinn::runtime::tokio::poll_send

  2024-04-13T05:57:32.837567Z DEBUG quinn_proto::endpoint: IO event: endpoint handling datagram from [::1]:55911
    at quinn-proto/src/endpoint.rs:143
    in quinn_proto::endpoint::handle

  2024-04-13T05:57:32.837572Z DEBUG quinn_proto::endpoint: internal effect: attributing datagram to existing connection 1
    at quinn-proto/src/endpoint.rs:201
    in quinn_proto::endpoint::handle

  2024-04-13T05:57:32.837578Z DEBUG quinn_proto::connection: internal event: connection handling event from endpoint:
Datagram {
    now: Instant { tv_sec: 376972, tv_nsec: 579074103 },
    remote: [::1]:55911,
    ecn: Some(Ect0),
    first_decode: PartialDecode {
        plain_header: Short {
            spin: true,
            dst_cid: <3b014eacb1e23a06>,
        },
        buf.get_ref().len(): 42,
        buf.position(): 9,
        ..
    },
    remaining.as_ref().map(|b| b.len()): None,
}
    at quinn-proto/src/connection/mod.rs:995
    in quinn_proto::connection::handle_event
    in quinn::connection::process_conn_events
    in quinn::connection::drive with id: 1

  2024-04-13T05:57:32.837604Z DEBUG quinn_proto::packet: encoding packet header: Short {
    spin: true,
    key_phase: false,
    dst_cid: <77809a259466f209>,
    number: 6,
}
    at quinn-proto/src/packet.rs:292
    in quinn_proto::connection::poll_transmit
    in quinn::connection::drive with id: 1

  2024-04-13T05:57:32.837613Z DEBUG quinn_proto::frame: encoding frame header: ACK_ECN
    at quinn-proto/src/frame.rs:46
    in quinn_proto::connection::poll_transmit
    in quinn::connection::drive with id: 1

  2024-04-13T05:57:32.837618Z DEBUG quinn_proto::frame: encoding frame header: CONNECTION_CLOSE
    at quinn-proto/src/frame.rs:46
    in quinn_proto::connection::poll_transmit
    in quinn::connection::drive with id: 1

  2024-04-13T05:57:32.837622Z DEBUG quinn_proto::connection: IO effect: Transmitting normally
    at quinn-proto/src/connection/mod.rs:938
    in quinn_proto::connection::poll_transmit
    in quinn::connection::drive with id: 1

  2024-04-13T05:57:32.837630Z DEBUG quinn_proto::connection: API effect: connection lost due to ApplicationClosed(ApplicationClose { error_code: 0, reason: b"done" })
    at quinn-proto/src/connection/mod.rs:403
    in quinn::connection::drive with id: 1

  2024-04-13T05:57:32.837639Z  INFO server: connection closed
    at quinn/examples/server.rs:210
    in server::connection with remote: [::1]:55911, protocol: hq-29

  2024-04-13T05:57:32.837638Z DEBUG quinn_proto::endpoint: IO event: endpoint handling datagram from [::1]:55911
    at quinn-proto/src/endpoint.rs:143
    in quinn_proto::endpoint::handle

  2024-04-13T05:57:32.837662Z DEBUG quinn_proto::endpoint: API effect: new Incoming connection
    at quinn-proto/src/endpoint.rs:507
    in quinn_proto::endpoint::handle

  2024-04-13T05:57:32.837689Z DEBUG quinn::runtime::tokio: IO effect: transmitted datagram
    at quinn/src/runtime/tokio.rs:65
    in quinn::runtime::tokio::poll_send entry
    in quinn::runtime::tokio::poll_send

  2024-04-13T05:57:32.837750Z DEBUG quinn_proto::endpoint: IO event: endpoint handling datagram from [::1]:55911
    at quinn-proto/src/endpoint.rs:143
    in quinn_proto::endpoint::handle

  2024-04-13T05:57:32.837746Z  INFO server: accepting connection
    at quinn/examples/server.rs:169

  2024-04-13T05:57:32.837758Z DEBUG quinn_proto::endpoint: ignoring non-initial packet for unknown connection <5da389a184a0e3177bcfa4cfbe7d846b937b1cb3>
    at quinn-proto/src/endpoint.rs:276
    in quinn_proto::endpoint::handle

  2024-04-13T05:57:32.837798Z DEBUG quinn_proto::endpoint: API event: endpoint accepting Incoming
    at quinn-proto/src/endpoint.rs:534
    in quinn_proto::endpoint::accept with self: Endpoint { rng: StdRng(ChaCha12Rng { rng: BlockRng { core: ChaChaXCore {}, result_len: 64, index: 56 } }), index: ConnectionIndex { connection_ids_initial: {<6694a54201edfe079341e2dd1145bff8afc493a4>: ConnectionHandle(1)}, connection_ids: {<3f428a1caa743f17>: ConnectionHandle(1), <dcd151e7ba70174b>: ConnectionHandle(1), <3b014eacb1e23a06>: ConnectionHandle(1), <3a4ad97bbb27c020>: ConnectionHandle(1), <d585c12bf75551d8>: ConnectionHandle(1)}, connection_remotes: {}, connection_reset_tokens: ResetTokenTable({[::1]:55911: {c7f8df2639a2b46c18de664b09d033a8: ConnectionHandle(1)}}) }, connections: Slab { len: 1, cap: 4 }, config: EndpointConfig { reset_key: "[ elided ]", max_udp_payload_size: 1472, cid_generator_factory: "[ elided ]", supported_versions: [1, 4278190109, 4278190110, 4278190111, 4278190112, 4278190113, 4278190114], grease_quic_bit: true }, server_config: Some(ServerConfig<T> { transport: TransportConfig { max_concurrent_bidi_streams: 100, max_concurrent_uni_streams: 0, max_idle_timeout: Some(10000), stream_receive_window: 1250000, receive_window: 4611686018427387903, send_window: 10000000, packet_threshold: 3, time_threshold: 1.125, initial_rtt: 333ms, initial_mtu: 1200, min_mtu: 1200, mtu_discovery_config: Some(MtuDiscoveryConfig { interval: 600s, upper_bound: 1452, minimum_change: 20, black_hole_cooldown: 60s }), ack_frequency_config: None, persistent_congestion_threshold: 3, keep_alive_interval: None, crypto_buffer_size: 16384, allow_spin: true, datagram_receive_buffer_size: Some(1250000), datagram_send_buffer_size: 1048576, congestion_controller_factory: "[ opaque ]", enable_segmentation_offload: true }, crypto: "ServerConfig { elided }", token_key: "[ elided ]", retry_token_lifetime: 15s, migration: true }) }, incoming: Incoming { addresses: FourTuple { remote: [::1]:55911, local_ip: Some(::1) }, ecn: Some(Ect0), retry_src_cid: None, orig_dst_cid: <5da389a184a0e3177bcfa4cfbe7d846b937b1cb3>, .. }, now: Instant { tv_sec: 376972, tv_nsec: 579280849 }, buf: b""

  2024-04-13T05:57:32.837837Z DEBUG quinn_proto::endpoint: direct internal effect: having connection handle first packet
    at quinn-proto/src/endpoint.rs:610
    in quinn_proto::endpoint::accept with self: Endpoint { rng: StdRng(ChaCha12Rng { rng: BlockRng { core: ChaChaXCore {}, result_len: 64, index: 56 } }), index: ConnectionIndex { connection_ids_initial: {<6694a54201edfe079341e2dd1145bff8afc493a4>: ConnectionHandle(1)}, connection_ids: {<3f428a1caa743f17>: ConnectionHandle(1), <dcd151e7ba70174b>: ConnectionHandle(1), <3b014eacb1e23a06>: ConnectionHandle(1), <3a4ad97bbb27c020>: ConnectionHandle(1), <d585c12bf75551d8>: ConnectionHandle(1)}, connection_remotes: {}, connection_reset_tokens: ResetTokenTable({[::1]:55911: {c7f8df2639a2b46c18de664b09d033a8: ConnectionHandle(1)}}) }, connections: Slab { len: 1, cap: 4 }, config: EndpointConfig { reset_key: "[ elided ]", max_udp_payload_size: 1472, cid_generator_factory: "[ elided ]", supported_versions: [1, 4278190109, 4278190110, 4278190111, 4278190112, 4278190113, 4278190114], grease_quic_bit: true }, server_config: Some(ServerConfig<T> { transport: TransportConfig { max_concurrent_bidi_streams: 100, max_concurrent_uni_streams: 0, max_idle_timeout: Some(10000), stream_receive_window: 1250000, receive_window: 4611686018427387903, send_window: 10000000, packet_threshold: 3, time_threshold: 1.125, initial_rtt: 333ms, initial_mtu: 1200, min_mtu: 1200, mtu_discovery_config: Some(MtuDiscoveryConfig { interval: 600s, upper_bound: 1452, minimum_change: 20, black_hole_cooldown: 60s }), ack_frequency_config: None, persistent_congestion_threshold: 3, keep_alive_interval: None, crypto_buffer_size: 16384, allow_spin: true, datagram_receive_buffer_size: Some(1250000), datagram_send_buffer_size: 1048576, congestion_controller_factory: "[ opaque ]", enable_segmentation_offload: true }, crypto: "ServerConfig { elided }", token_key: "[ elided ]", retry_token_lifetime: 15s, migration: true }) }, incoming: Incoming { addresses: FourTuple { remote: [::1]:55911, local_ip: Some(::1) }, ecn: Some(Ect0), retry_src_cid: None, orig_dst_cid: <5da389a184a0e3177bcfa4cfbe7d846b937b1cb3>, .. }, now: Instant { tv_sec: 376972, tv_nsec: 579280849 }, buf: b""

  2024-04-13T05:57:32.837847Z DEBUG quinn_proto::connection: internal event: connection handling first packet
    at quinn-proto/src/connection/mod.rs:1836
    in quinn_proto::connection::handle_first_packet
    in quinn_proto::endpoint::accept with self: Endpoint { rng: StdRng(ChaCha12Rng { rng: BlockRng { core: ChaChaXCore {}, result_len: 64, index: 56 } }), index: ConnectionIndex { connection_ids_initial: {<6694a54201edfe079341e2dd1145bff8afc493a4>: ConnectionHandle(1)}, connection_ids: {<3f428a1caa743f17>: ConnectionHandle(1), <dcd151e7ba70174b>: ConnectionHandle(1), <3b014eacb1e23a06>: ConnectionHandle(1), <3a4ad97bbb27c020>: ConnectionHandle(1), <d585c12bf75551d8>: ConnectionHandle(1)}, connection_remotes: {}, connection_reset_tokens: ResetTokenTable({[::1]:55911: {c7f8df2639a2b46c18de664b09d033a8: ConnectionHandle(1)}}) }, connections: Slab { len: 1, cap: 4 }, config: EndpointConfig { reset_key: "[ elided ]", max_udp_payload_size: 1472, cid_generator_factory: "[ elided ]", supported_versions: [1, 4278190109, 4278190110, 4278190111, 4278190112, 4278190113, 4278190114], grease_quic_bit: true }, server_config: Some(ServerConfig<T> { transport: TransportConfig { max_concurrent_bidi_streams: 100, max_concurrent_uni_streams: 0, max_idle_timeout: Some(10000), stream_receive_window: 1250000, receive_window: 4611686018427387903, send_window: 10000000, packet_threshold: 3, time_threshold: 1.125, initial_rtt: 333ms, initial_mtu: 1200, min_mtu: 1200, mtu_discovery_config: Some(MtuDiscoveryConfig { interval: 600s, upper_bound: 1452, minimum_change: 20, black_hole_cooldown: 60s }), ack_frequency_config: None, persistent_congestion_threshold: 3, keep_alive_interval: None, crypto_buffer_size: 16384, allow_spin: true, datagram_receive_buffer_size: Some(1250000), datagram_send_buffer_size: 1048576, congestion_controller_factory: "[ opaque ]", enable_segmentation_offload: true }, crypto: "ServerConfig { elided }", token_key: "[ elided ]", retry_token_lifetime: 15s, migration: true }) }, incoming: Incoming { addresses: FourTuple { remote: [::1]:55911, local_ip: Some(::1) }, ecn: Some(Ect0), retry_src_cid: None, orig_dst_cid: <5da389a184a0e3177bcfa4cfbe7d846b937b1cb3>, .. }, now: Instant { tv_sec: 376972, tv_nsec: 579280849 }, buf: b""

  2024-04-13T05:57:32.838040Z DEBUG quinn_proto::connection: API effect: connection handshake data ready
    at quinn-proto/src/connection/mod.rs:1957
    in quinn_proto::connection::handle_first_packet
    in quinn_proto::endpoint::accept with self: Endpoint { rng: StdRng(ChaCha12Rng { rng: BlockRng { core: ChaChaXCore {}, result_len: 64, index: 56 } }), index: ConnectionIndex { connection_ids_initial: {<6694a54201edfe079341e2dd1145bff8afc493a4>: ConnectionHandle(1)}, connection_ids: {<3f428a1caa743f17>: ConnectionHandle(1), <dcd151e7ba70174b>: ConnectionHandle(1), <3b014eacb1e23a06>: ConnectionHandle(1), <3a4ad97bbb27c020>: ConnectionHandle(1), <d585c12bf75551d8>: ConnectionHandle(1)}, connection_remotes: {}, connection_reset_tokens: ResetTokenTable({[::1]:55911: {c7f8df2639a2b46c18de664b09d033a8: ConnectionHandle(1)}}) }, connections: Slab { len: 1, cap: 4 }, config: EndpointConfig { reset_key: "[ elided ]", max_udp_payload_size: 1472, cid_generator_factory: "[ elided ]", supported_versions: [1, 4278190109, 4278190110, 4278190111, 4278190112, 4278190113, 4278190114], grease_quic_bit: true }, server_config: Some(ServerConfig<T> { transport: TransportConfig { max_concurrent_bidi_streams: 100, max_concurrent_uni_streams: 0, max_idle_timeout: Some(10000), stream_receive_window: 1250000, receive_window: 4611686018427387903, send_window: 10000000, packet_threshold: 3, time_threshold: 1.125, initial_rtt: 333ms, initial_mtu: 1200, min_mtu: 1200, mtu_discovery_config: Some(MtuDiscoveryConfig { interval: 600s, upper_bound: 1452, minimum_change: 20, black_hole_cooldown: 60s }), ack_frequency_config: None, persistent_congestion_threshold: 3, keep_alive_interval: None, crypto_buffer_size: 16384, allow_spin: true, datagram_receive_buffer_size: Some(1250000), datagram_send_buffer_size: 1048576, congestion_controller_factory: "[ opaque ]", enable_segmentation_offload: true }, crypto: "ServerConfig { elided }", token_key: "[ elided ]", retry_token_lifetime: 15s, migration: true }) }, incoming: Incoming { addresses: FourTuple { remote: [::1]:55911, local_ip: Some(::1) }, ecn: Some(Ect0), retry_src_cid: None, orig_dst_cid: <5da389a184a0e3177bcfa4cfbe7d846b937b1cb3>, .. }, now: Instant { tv_sec: 376972, tv_nsec: 579280849 }, buf: b""

  2024-04-13T05:57:32.838099Z DEBUG quinn_proto::connection: internal effect: connection asking endpoint for first cids
    at quinn-proto/src/connection/mod.rs:2987
    in quinn_proto::connection::handle_first_packet
    in quinn_proto::endpoint::accept with self: Endpoint { rng: StdRng(ChaCha12Rng { rng: BlockRng { core: ChaChaXCore {}, result_len: 64, index: 56 } }), index: ConnectionIndex { connection_ids_initial: {<6694a54201edfe079341e2dd1145bff8afc493a4>: ConnectionHandle(1)}, connection_ids: {<3f428a1caa743f17>: ConnectionHandle(1), <dcd151e7ba70174b>: ConnectionHandle(1), <3b014eacb1e23a06>: ConnectionHandle(1), <3a4ad97bbb27c020>: ConnectionHandle(1), <d585c12bf75551d8>: ConnectionHandle(1)}, connection_remotes: {}, connection_reset_tokens: ResetTokenTable({[::1]:55911: {c7f8df2639a2b46c18de664b09d033a8: ConnectionHandle(1)}}) }, connections: Slab { len: 1, cap: 4 }, config: EndpointConfig { reset_key: "[ elided ]", max_udp_payload_size: 1472, cid_generator_factory: "[ elided ]", supported_versions: [1, 4278190109, 4278190110, 4278190111, 4278190112, 4278190113, 4278190114], grease_quic_bit: true }, server_config: Some(ServerConfig<T> { transport: TransportConfig { max_concurrent_bidi_streams: 100, max_concurrent_uni_streams: 0, max_idle_timeout: Some(10000), stream_receive_window: 1250000, receive_window: 4611686018427387903, send_window: 10000000, packet_threshold: 3, time_threshold: 1.125, initial_rtt: 333ms, initial_mtu: 1200, min_mtu: 1200, mtu_discovery_config: Some(MtuDiscoveryConfig { interval: 600s, upper_bound: 1452, minimum_change: 20, black_hole_cooldown: 60s }), ack_frequency_config: None, persistent_congestion_threshold: 3, keep_alive_interval: None, crypto_buffer_size: 16384, allow_spin: true, datagram_receive_buffer_size: Some(1250000), datagram_send_buffer_size: 1048576, congestion_controller_factory: "[ opaque ]", enable_segmentation_offload: true }, crypto: "ServerConfig { elided }", token_key: "[ elided ]", retry_token_lifetime: 15s, migration: true }) }, incoming: Incoming { addresses: FourTuple { remote: [::1]:55911, local_ip: Some(::1) }, ecn: Some(Ect0), retry_src_cid: None, orig_dst_cid: <5da389a184a0e3177bcfa4cfbe7d846b937b1cb3>, .. }, now: Instant { tv_sec: 376972, tv_nsec: 579280849 }, buf: b""

  2024-04-13T05:57:32.838126Z  INFO server: established
    at quinn/examples/server.rs:203
    in server::connection with remote: [::1]:55911, protocol: hq-29

  2024-04-13T05:57:32.838137Z DEBUG quinn_proto::packet: encoding packet header: Initial(
    InitialHeader {
        dst_cid: <d691c0f2e44cd59b>,
        src_cid: <02d3b71c3e821e01>,
        token: b"",
        number: 0,
        version: 1,
    },
)
    at quinn-proto/src/packet.rs:292
    in quinn_proto::connection::poll_transmit
    in quinn::connection::drive with id: 0

  2024-04-13T05:57:32.838374Z DEBUG quinn_proto::frame: encoding frame header: ACK_ECN
    at quinn-proto/src/frame.rs:46
    in quinn_proto::connection::poll_transmit
    in quinn::connection::drive with id: 0

  2024-04-13T05:57:32.838380Z DEBUG quinn_proto::frame: encoding frame header: CRYPTO
    at quinn-proto/src/frame.rs:46
    in quinn_proto::connection::poll_transmit
    in quinn::connection::drive with id: 0

  2024-04-13T05:57:32.838388Z DEBUG quinn_proto::packet: encoding packet header: Long {
    ty: Handshake,
    dst_cid: <d691c0f2e44cd59b>,
    src_cid: <02d3b71c3e821e01>,
    number: 0,
    version: 1,
}
    at quinn-proto/src/packet.rs:292
    in quinn_proto::connection::poll_transmit
    in quinn::connection::drive with id: 0

  2024-04-13T05:57:32.838398Z DEBUG quinn_proto::frame: encoding frame header: CRYPTO
    at quinn-proto/src/frame.rs:46
    in quinn_proto::connection::poll_transmit
    in quinn::connection::drive with id: 0

  2024-04-13T05:57:32.838404Z DEBUG quinn_proto::connection: IO effect: Transmitting normally
    at quinn-proto/src/connection/mod.rs:938
    in quinn_proto::connection::poll_transmit
    in quinn::connection::drive with id: 0

  2024-04-13T05:57:32.838417Z DEBUG quinn_proto::endpoint: internal event: endpoint handling event from connection 0:
NeedIdentifiers(
    Instant {
        tv_sec: 376972,
        tv_nsec: 579280849,
    },
    4,
)
    at quinn-proto/src/endpoint.rs:94
    in quinn_proto::endpoint::handle_event

  2024-04-13T05:57:32.838429Z DEBUG quinn_proto::endpoint: internal effect: sending new identifiers to connections
    at quinn-proto/src/endpoint.rs:440
    in quinn_proto::endpoint::handle_event

  2024-04-13T05:57:32.838446Z DEBUG quinn::runtime::tokio: IO effect: transmitted datagram
    at quinn/src/runtime/tokio.rs:65
    in quinn::runtime::tokio::poll_send entry
    in quinn::runtime::tokio::poll_send

  2024-04-13T05:57:32.838454Z DEBUG quinn_proto::connection: internal event: connection handling event from endpoint:
NewIdentifiers(
    [
        IssuedCid {
            sequence: 1,
            id: <83ba83987c3eb55c>,
            reset_token: ce53d93d45251e23f7d0c47f151c3725,
        },
        IssuedCid {
            sequence: 2,
            id: <3692a557f6d9a77b>,
            reset_token: 8a026aa7e708524bac1aa2d168314127,
        },
        IssuedCid {
            sequence: 3,
            id: <f6aba1ab789c9e6c>,
            reset_token: 6b48c90af898f98e9f82495ad5d8a873,
        },
        IssuedCid {
            sequence: 4,
            id: <49f4d307cd77f580>,
            reset_token: 5654c5654d82a7cdde9626c126c85736,
        },
    ],
    Instant { tv_sec: 376972, tv_nsec: 579280849 },
)
    at quinn-proto/src/connection/mod.rs:995
    in quinn_proto::connection::handle_event
    in quinn::connection::process_conn_events
    in quinn::connection::drive with id: 0

  2024-04-13T05:57:32.838501Z DEBUG quinn_proto::packet: encoding packet header: Short {
    spin: false,
    key_phase: false,
    dst_cid: <d691c0f2e44cd59b>,
    number: 0,
}
    at quinn-proto/src/packet.rs:292
    in quinn_proto::connection::poll_transmit
    in quinn::connection::drive with id: 0

  2024-04-13T05:57:32.838514Z DEBUG quinn_proto::frame: encoding frame header: NEW_CONNECTION_ID
    at quinn-proto/src/frame.rs:46
    in quinn_proto::connection::poll_transmit
    in quinn::connection::drive with id: 0

  2024-04-13T05:57:32.838519Z DEBUG quinn_proto::frame: encoding frame header: NEW_CONNECTION_ID
    at quinn-proto/src/frame.rs:46
    in quinn_proto::connection::poll_transmit
    in quinn::connection::drive with id: 0

  2024-04-13T05:57:32.838523Z DEBUG quinn_proto::frame: encoding frame header: NEW_CONNECTION_ID
    at quinn-proto/src/frame.rs:46
    in quinn_proto::connection::poll_transmit
    in quinn::connection::drive with id: 0

  2024-04-13T05:57:32.838533Z DEBUG quinn_proto::frame: encoding frame header: NEW_CONNECTION_ID
    at quinn-proto/src/frame.rs:46
    in quinn_proto::connection::poll_transmit
    in quinn::connection::drive with id: 0

  2024-04-13T05:57:32.838539Z DEBUG quinn_proto::connection: IO effect: Transmitting normally
    at quinn-proto/src/connection/mod.rs:938
    in quinn_proto::connection::poll_transmit
    in quinn::connection::drive with id: 0

  2024-04-13T05:57:32.838554Z DEBUG quinn::runtime::tokio: IO effect: transmitted datagram
    at quinn/src/runtime/tokio.rs:65
    in quinn::runtime::tokio::poll_send entry
    in quinn::runtime::tokio::poll_send

  2024-04-13T05:57:32.857354Z DEBUG quinn_proto::endpoint: IO event: endpoint handling datagram from [::1]:55911
    at quinn-proto/src/endpoint.rs:143
    in quinn_proto::endpoint::handle

  2024-04-13T05:57:32.857358Z DEBUG quinn_proto::endpoint: internal effect: attributing datagram to existing connection 1
    at quinn-proto/src/endpoint.rs:201
    in quinn_proto::endpoint::handle

  2024-04-13T05:57:32.857363Z DEBUG quinn_proto::connection: internal event: connection handling event from endpoint:
Datagram {
    now: Instant { tv_sec: 376972, tv_nsec: 598861373 },
    remote: [::1]:55911,
    ecn: Some(Ect0),
    first_decode: PartialDecode {
        plain_header: Short {
            spin: true,
            dst_cid: <3b014eacb1e23a06>,
        },
        buf.get_ref().len(): 42,
        buf.position(): 9,
        ..
    },
    remaining.as_ref().map(|b| b.len()): None,
}
    at quinn-proto/src/connection/mod.rs:995
    in quinn_proto::connection::handle_event
    in quinn::connection::process_conn_events
    in quinn::connection::drive with id: 1

  2024-04-13T05:57:32.858741Z DEBUG quinn_proto::endpoint: IO event: endpoint handling datagram from [::1]:55911
    at quinn-proto/src/endpoint.rs:143
    in quinn_proto::endpoint::handle

  2024-04-13T05:57:32.858745Z DEBUG quinn_proto::endpoint: internal effect: attributing datagram to existing connection 0
    at quinn-proto/src/endpoint.rs:201
    in quinn_proto::endpoint::handle

  2024-04-13T05:57:32.858749Z DEBUG quinn_proto::endpoint: IO event: endpoint handling datagram from [::1]:55911
    at quinn-proto/src/endpoint.rs:143
    in quinn_proto::endpoint::handle

  2024-04-13T05:57:32.858753Z DEBUG quinn_proto::endpoint: internal effect: attributing datagram to existing connection 0
    at quinn-proto/src/endpoint.rs:201
    in quinn_proto::endpoint::handle

  2024-04-13T05:57:32.858758Z DEBUG quinn_proto::connection: internal event: connection handling event from endpoint:
Datagram {
    now: Instant { tv_sec: 376972, tv_nsec: 600246754 },
    remote: [::1]:55911,
    ecn: Some(Ect0),
    first_decode: PartialDecode {
        plain_header: Initial(
            PlainInitialHeader {
                dst_cid: <02d3b71c3e821e01>,
                src_cid: <d691c0f2e44cd59b>,
                token_pos: 24..24,
                len: 25,
                version: 1,
            },
        ),
        buf.get_ref().len(): 51,
        buf.position(): 26,
        ..
    },
    remaining.as_ref().map(|b| b.len()): Some(
        1149,
    ),
}
    at quinn-proto/src/connection/mod.rs:995
    in quinn_proto::connection::handle_event
    in quinn::connection::process_conn_events
    in quinn::connection::drive with id: 0

  2024-04-13T05:57:32.858833Z DEBUG quinn_proto::connection: API effect: connection established
    at quinn-proto/src/connection/mod.rs:2434
    in quinn_proto::connection::handle_event
    in quinn::connection::process_conn_events
    in quinn::connection::drive with id: 0

  2024-04-13T05:57:32.858839Z DEBUG quinn_proto::connection: internal event: connection handling event from endpoint:
Datagram {
    now: Instant { tv_sec: 376972, tv_nsec: 600246754 },
    remote: [::1]:55911,
    ecn: Some(Ect0),
    first_decode: PartialDecode {
        plain_header: Short {
            spin: true,
            dst_cid: <02d3b71c3e821e01>,
        },
        buf.get_ref().len(): 1326,
        buf.position(): 9,
        ..
    },
    remaining.as_ref().map(|b| b.len()): None,
}
    at quinn-proto/src/connection/mod.rs:995
    in quinn_proto::connection::handle_event
    in quinn::connection::process_conn_events
    in quinn::connection::drive with id: 0

  2024-04-13T05:57:32.858877Z DEBUG quinn_proto::packet: encoding packet header: Short {
    spin: true,
    key_phase: false,
    dst_cid: <d691c0f2e44cd59b>,
    number: 1,
}
    at quinn-proto/src/packet.rs:292
    in quinn_proto::connection::poll_transmit
    in quinn::connection::drive with id: 0

  2024-04-13T05:57:32.858887Z DEBUG quinn_proto::frame: encoding frame header: HANDSHAKE_DONE
    at quinn-proto/src/frame.rs:46
    in quinn_proto::connection::poll_transmit
    in quinn::connection::drive with id: 0

  2024-04-13T05:57:32.858892Z DEBUG quinn_proto::frame: encoding frame header: ACK_ECN
    at quinn-proto/src/frame.rs:46
    in quinn_proto::connection::poll_transmit
    in quinn::connection::drive with id: 0

  2024-04-13T05:57:32.858896Z DEBUG quinn_proto::frame: encoding frame header: CRYPTO
    at quinn-proto/src/frame.rs:46
    in quinn_proto::connection::poll_transmit
    in quinn::connection::drive with id: 0

  2024-04-13T05:57:32.858902Z DEBUG quinn_proto::connection: IO effect: Transmitting normally
    at quinn-proto/src/connection/mod.rs:938
    in quinn_proto::connection::poll_transmit
    in quinn::connection::drive with id: 0

  2024-04-13T05:57:32.858907Z DEBUG quinn_proto::packet: encoding packet header: Short {
    spin: true,
    key_phase: false,
    dst_cid: <d691c0f2e44cd59b>,
    number: 2,
}
    at quinn-proto/src/packet.rs:292
    in quinn_proto::connection::poll_transmit
    in quinn::connection::drive with id: 0

  2024-04-13T05:57:32.858914Z DEBUG quinn_proto::frame: encoding frame header: PING
    at quinn-proto/src/frame.rs:46
    in quinn_proto::connection::poll_transmit
    in quinn::connection::drive with id: 0

  2024-04-13T05:57:32.858918Z DEBUG quinn_proto::frame: encoding frame header: IMMEDIATE_ACK
    at quinn-proto/src/frame.rs:46
    in quinn_proto::connection::poll_transmit
    in quinn::connection::drive with id: 0

  2024-04-13T05:57:32.858923Z DEBUG quinn_proto::connection: IO effect: Transmitting normally
    at quinn-proto/src/connection/mod.rs:938
    in quinn_proto::connection::poll_transmit
    in quinn::connection::drive with id: 0

  2024-04-13T05:57:32.858939Z DEBUG quinn::runtime::tokio: IO effect: transmitted datagram
    at quinn/src/runtime/tokio.rs:65
    in quinn::runtime::tokio::poll_send entry
    in quinn::runtime::tokio::poll_send

  2024-04-13T05:57:32.858943Z DEBUG quinn::runtime::tokio: IO effect: transmitted datagram
    at quinn/src/runtime/tokio.rs:65
    in quinn::runtime::tokio::poll_send entry
    in quinn::runtime::tokio::poll_send

  2024-04-13T05:57:32.859408Z DEBUG quinn_proto::endpoint: IO event: endpoint handling datagram from [::1]:55911
    at quinn-proto/src/endpoint.rs:143
    in quinn_proto::endpoint::handle

  2024-04-13T05:57:32.859413Z DEBUG quinn_proto::endpoint: internal effect: attributing datagram to existing connection 0
    at quinn-proto/src/endpoint.rs:201
    in quinn_proto::endpoint::handle

  2024-04-13T05:57:32.859419Z DEBUG quinn_proto::connection: internal event: connection handling event from endpoint:
Datagram {
    now: Instant { tv_sec: 376972, tv_nsec: 600915847 },
    remote: [::1]:55911,
    ecn: Some(Ect0),
    first_decode: PartialDecode {
        plain_header: Short {
            spin: true,
            dst_cid: <02d3b71c3e821e01>,
        },
        buf.get_ref().len(): 138,
        buf.position(): 9,
        ..
    },
    remaining.as_ref().map(|b| b.len()): None,
}
    at quinn-proto/src/connection/mod.rs:995
    in quinn_proto::connection::handle_event
    in quinn::connection::process_conn_events
    in quinn::connection::drive with id: 0

  2024-04-13T05:57:32.859439Z DEBUG quinn_proto::connection: internal effect: connection setting its reset token
    at quinn-proto/src/connection/mod.rs:2967
    in quinn_proto::connection::handle_event
    in quinn::connection::process_conn_events
    in quinn::connection::drive with id: 0

  2024-04-13T05:57:32.859447Z DEBUG quinn_proto::packet: encoding packet header: Short {
    spin: true,
    key_phase: false,
    dst_cid: <0a9404aca4ff334c>,
    number: 3,
}
    at quinn-proto/src/packet.rs:292
    in quinn_proto::connection::poll_transmit
    in quinn::connection::drive with id: 0

  2024-04-13T05:57:32.859456Z DEBUG quinn_proto::frame: encoding frame header: RETIRE_CONNECTION_ID
    at quinn-proto/src/frame.rs:46
    in quinn_proto::connection::poll_transmit
    in quinn::connection::drive with id: 0

  2024-04-13T05:57:32.859462Z DEBUG quinn_proto::connection: IO effect: Transmitting normally
    at quinn-proto/src/connection/mod.rs:938
    in quinn_proto::connection::poll_transmit
    in quinn::connection::drive with id: 0

  2024-04-13T05:57:32.859475Z DEBUG quinn_proto::endpoint: internal event: endpoint handling event from connection 0:
ResetToken(
    [::1]:55911,
    bee09b791020e2d12187267f2c918f06,
)
    at quinn-proto/src/endpoint.rs:94
    in quinn_proto::endpoint::handle_event

  2024-04-13T05:57:32.859517Z DEBUG quinn::runtime::tokio: IO effect: transmitted datagram
    at quinn/src/runtime/tokio.rs:65
    in quinn::runtime::tokio::poll_send entry
    in quinn::runtime::tokio::poll_send

  2024-04-13T05:57:32.879189Z DEBUG quinn_proto::endpoint: IO event: endpoint handling datagram from [::1]:55911
    at quinn-proto/src/endpoint.rs:143
    in quinn_proto::endpoint::handle

  2024-04-13T05:57:32.879214Z DEBUG quinn_proto::endpoint: internal effect: attributing datagram to existing connection 0
    at quinn-proto/src/endpoint.rs:201
    in quinn_proto::endpoint::handle

  2024-04-13T05:57:32.879233Z DEBUG quinn_proto::endpoint: IO event: endpoint handling datagram from [::1]:55911
    at quinn-proto/src/endpoint.rs:143
    in quinn_proto::endpoint::handle

  2024-04-13T05:57:32.879240Z DEBUG quinn_proto::endpoint: internal effect: attributing datagram to existing connection 0
    at quinn-proto/src/endpoint.rs:201
    in quinn_proto::endpoint::handle

  2024-04-13T05:57:32.879262Z DEBUG quinn_proto::connection: internal event: connection handling event from endpoint:
Datagram {
    now: Instant { tv_sec: 376972, tv_nsec: 620677819 },
    remote: [::1]:55911,
    ecn: Some(Ect0),
    first_decode: PartialDecode {
        plain_header: Short {
            spin: false,
            dst_cid: <02d3b71c3e821e01>,
        },
        buf.get_ref().len(): 53,
        buf.position(): 9,
        ..
    },
    remaining.as_ref().map(|b| b.len()): None,
}
    at quinn-proto/src/connection/mod.rs:995
    in quinn_proto::connection::handle_event
    in quinn::connection::process_conn_events
    in quinn::connection::drive with id: 0

  2024-04-13T05:57:32.879325Z DEBUG quinn_proto::connection: internal event: connection handling event from endpoint:
Datagram {
    now: Instant { tv_sec: 376972, tv_nsec: 620677819 },
    remote: [::1]:55911,
    ecn: Some(Ect0),
    first_decode: PartialDecode {
        plain_header: Short {
            spin: false,
            dst_cid: <02d3b71c3e821e01>,
        },
        buf.get_ref().len(): 1389,
        buf.position(): 9,
        ..
    },
    remaining.as_ref().map(|b| b.len()): None,
}
    at quinn-proto/src/connection/mod.rs:995
    in quinn_proto::connection::handle_event
    in quinn::connection::process_conn_events
    in quinn::connection::drive with id: 0

  2024-04-13T05:57:32.879405Z DEBUG quinn_proto::packet: encoding packet header: Short {
    spin: false,
    key_phase: false,
    dst_cid: <0a9404aca4ff334c>,
    number: 4,
}
    at quinn-proto/src/packet.rs:292
    in quinn_proto::connection::poll_transmit
    in quinn::connection::drive with id: 0

  2024-04-13T05:57:32.879421Z DEBUG quinn_proto::frame: encoding frame header: ACK_ECN
    at quinn-proto/src/frame.rs:46
    in quinn_proto::connection::poll_transmit
    in quinn::connection::drive with id: 0

  2024-04-13T05:57:32.879435Z DEBUG quinn_proto::connection: IO effect: Transmitting normally
    at quinn-proto/src/connection/mod.rs:938
    in quinn_proto::connection::poll_transmit
    in quinn::connection::drive with id: 0

  2024-04-13T05:57:32.879445Z DEBUG quinn_proto::packet: encoding packet header: Short {
    spin: false,
    key_phase: false,
    dst_cid: <0a9404aca4ff334c>,
    number: 5,
}
    at quinn-proto/src/packet.rs:292
    in quinn_proto::connection::poll_transmit
    in quinn::connection::drive with id: 0

  2024-04-13T05:57:32.879460Z DEBUG quinn_proto::frame: encoding frame header: PING
    at quinn-proto/src/frame.rs:46
    in quinn_proto::connection::poll_transmit
    in quinn::connection::drive with id: 0

  2024-04-13T05:57:32.879468Z DEBUG quinn_proto::frame: encoding frame header: IMMEDIATE_ACK
    at quinn-proto/src/frame.rs:46
    in quinn_proto::connection::poll_transmit
    in quinn::connection::drive with id: 0

  2024-04-13T05:57:32.879478Z DEBUG quinn_proto::connection: IO effect: Transmitting normally
    at quinn-proto/src/connection/mod.rs:938
    in quinn_proto::connection::poll_transmit
    in quinn::connection::drive with id: 0

  2024-04-13T05:57:32.879508Z DEBUG quinn_proto::connection::streams::state: API effect: StreamEvent::Opened
    at quinn-proto/src/connection/streams/state.rs:728
    in quinn_proto::connection::streams::state::poll
    in quinn::connection::drive with id: 0

  2024-04-13T05:57:32.879541Z  INFO server: content: GET /noise.bin\r\n
    at quinn/examples/server.rs:251
    in server::request
    in server::connection with remote: [::1]:55911, protocol: hq-29

  2024-04-13T05:57:32.879596Z DEBUG quinn_proto::packet: encoding packet header: Short {
    spin: false,
    key_phase: false,
    dst_cid: <0a9404aca4ff334c>,
    number: 6,
}
    at quinn-proto/src/packet.rs:292
    in quinn_proto::connection::poll_transmit
    in quinn::connection::drive with id: 0

  2024-04-13T05:57:32.879608Z DEBUG quinn_proto::frame: encoding frame header: MAX_STREAMS_BIDI
    at quinn-proto/src/frame.rs:46
    in quinn_proto::connection::poll_transmit
    in quinn::connection::drive with id: 0

  2024-04-13T05:57:32.879619Z DEBUG quinn_proto::connection: IO effect: Transmitting normally
    at quinn-proto/src/connection/mod.rs:938
    in quinn_proto::connection::poll_transmit
    in quinn::connection::drive with id: 0

  2024-04-13T05:57:32.879657Z DEBUG quinn::runtime::tokio: IO effect: transmitted datagram
    at quinn/src/runtime/tokio.rs:65
    in quinn::runtime::tokio::poll_send entry
    in quinn::runtime::tokio::poll_send

  2024-04-13T05:57:32.879685Z DEBUG quinn::runtime::tokio: IO effect: transmitted datagram
    at quinn/src/runtime/tokio.rs:65
    in quinn::runtime::tokio::poll_send entry
    in quinn::runtime::tokio::poll_send

  2024-04-13T05:57:32.879715Z DEBUG quinn_proto::endpoint: IO event: endpoint handling datagram from [::1]:55911
    at quinn-proto/src/endpoint.rs:143
    in quinn_proto::endpoint::handle

  2024-04-13T05:57:32.879725Z DEBUG quinn_proto::endpoint: internal effect: attributing datagram to existing connection 0
    at quinn-proto/src/endpoint.rs:201
    in quinn_proto::endpoint::handle

  2024-04-13T05:57:32.879742Z DEBUG quinn::runtime::tokio: IO effect: transmitted datagram
    at quinn/src/runtime/tokio.rs:65
    in quinn::runtime::tokio::poll_send entry
    in quinn::runtime::tokio::poll_send

  2024-04-13T05:57:32.879761Z DEBUG quinn_proto::connection: internal event: connection handling event from endpoint:
Datagram {
    now: Instant { tv_sec: 376972, tv_nsec: 621216046 },
    remote: [::1]:55911,
    ecn: Some(Ect0),
    first_decode: PartialDecode {
        plain_header: Short {
            spin: false,
            dst_cid: <02d3b71c3e821e01>,
        },
        buf.get_ref().len(): 54,
        buf.position(): 9,
        ..
    },
    remaining.as_ref().map(|b| b.len()): None,
}
    at quinn-proto/src/connection/mod.rs:995
    in quinn_proto::connection::handle_event
    in quinn::connection::process_conn_events
    in quinn::connection::drive with id: 0

  2024-04-13T05:57:32.899852Z DEBUG quinn_proto::endpoint: IO event: endpoint handling datagram from [::1]:55911
    at quinn-proto/src/endpoint.rs:143
    in quinn_proto::endpoint::handle

  2024-04-13T05:57:32.899880Z DEBUG quinn_proto::endpoint: internal effect: attributing datagram to existing connection 0
    at quinn-proto/src/endpoint.rs:201
    in quinn_proto::endpoint::handle

  2024-04-13T05:57:32.899919Z DEBUG quinn_proto::connection: internal event: connection handling event from endpoint:
Datagram {
    now: Instant { tv_sec: 376972, tv_nsec: 641337143 },
    remote: [::1]:55911,
    ecn: Some(Ect0),
    first_decode: PartialDecode {
        plain_header: Short {
            spin: true,
            dst_cid: <02d3b71c3e821e01>,
        },
        buf.get_ref().len(): 1420,
        buf.position(): 9,
        ..
    },
    remaining.as_ref().map(|b| b.len()): None,
}
    at quinn-proto/src/connection/mod.rs:995
    in quinn_proto::connection::handle_event
    in quinn::connection::process_conn_events
    in quinn::connection::drive with id: 0

  2024-04-13T05:57:32.899951Z DEBUG quinn_proto::endpoint: IO event: endpoint handling datagram from [::1]:55911
    at quinn-proto/src/endpoint.rs:143
    in quinn_proto::endpoint::handle

  2024-04-13T05:57:32.899999Z DEBUG quinn_proto::endpoint: internal effect: attributing datagram to existing connection 0
    at quinn-proto/src/endpoint.rs:201
    in quinn_proto::endpoint::handle

  2024-04-13T05:57:32.900012Z DEBUG quinn_proto::endpoint: IO event: endpoint handling datagram from [::1]:55911
    at quinn-proto/src/endpoint.rs:143
    in quinn_proto::endpoint::handle

  2024-04-13T05:57:32.900020Z DEBUG quinn_proto::endpoint: internal effect: attributing datagram to existing connection 0
    at quinn-proto/src/endpoint.rs:201
    in quinn_proto::endpoint::handle

  2024-04-13T05:57:32.900049Z DEBUG quinn_proto::connection: internal event: connection handling event from endpoint:
Datagram {
    now: Instant { tv_sec: 376972, tv_nsec: 641439232 },
    remote: [::1]:55911,
    ecn: Some(Ect0),
    first_decode: PartialDecode {
        plain_header: Short {
            spin: true,
            dst_cid: <02d3b71c3e821e01>,
        },
        buf.get_ref().len(): 34,
        buf.position(): 9,
        ..
    },
    remaining.as_ref().map(|b| b.len()): None,
}
    at quinn-proto/src/connection/mod.rs:995
    in quinn_proto::connection::handle_event
    in quinn::connection::process_conn_events
    in quinn::connection::drive with id: 0

  2024-04-13T05:57:32.900094Z DEBUG quinn_proto::connection::streams::state: API effect: StreamEvent::Finished, id: client bidirectional stream 0
    at quinn-proto/src/connection/streams/state.rs:612
    in quinn_proto::connection::handle_event
    in quinn::connection::process_conn_events
    in quinn::connection::drive with id: 0

  2024-04-13T05:57:32.900113Z DEBUG quinn_proto::connection: internal event: connection handling event from endpoint:
Datagram {
    now: Instant { tv_sec: 376972, tv_nsec: 641439232 },
    remote: [::1]:55911,
    ecn: Some(Ect0),
    first_decode: PartialDecode {
        plain_header: Short {
            spin: true,
            dst_cid: <02d3b71c3e821e01>,
        },
        buf.get_ref().len(): 41,
        buf.position(): 9,
        ..
    },
    remaining.as_ref().map(|b| b.len()): None,
}
    at quinn-proto/src/connection/mod.rs:995
    in quinn_proto::connection::handle_event
    in quinn::connection::process_conn_events
    in quinn::connection::drive with id: 0

  2024-04-13T05:57:32.900155Z DEBUG quinn_proto::packet: encoding packet header: Short {
    spin: true,
    key_phase: false,
    dst_cid: <0a9404aca4ff334c>,
    number: 7,
}
    at quinn-proto/src/packet.rs:292
    in quinn_proto::connection::poll_transmit
    in quinn::connection::drive with id: 0

  2024-04-13T05:57:32.900175Z DEBUG quinn_proto::frame: encoding frame header: ACK_ECN
    at quinn-proto/src/frame.rs:46
    in quinn_proto::connection::poll_transmit
    in quinn::connection::drive with id: 0

  2024-04-13T05:57:32.900184Z DEBUG quinn_proto::frame: encoding frame header: CONNECTION_CLOSE
    at quinn-proto/src/frame.rs:46
    in quinn_proto::connection::poll_transmit
    in quinn::connection::drive with id: 0

  2024-04-13T05:57:32.900196Z DEBUG quinn_proto::connection: IO effect: Transmitting normally
    at quinn-proto/src/connection/mod.rs:938
    in quinn_proto::connection::poll_transmit
    in quinn::connection::drive with id: 0

  2024-04-13T05:57:32.900217Z DEBUG quinn_proto::connection: API effect: connection lost due to ApplicationClosed(ApplicationClose { error_code: 0, reason: b"done" })
    at quinn-proto/src/connection/mod.rs:403
    in quinn::connection::drive with id: 0

  2024-04-13T05:57:32.900236Z  INFO server: connection closed
    at quinn/examples/server.rs:210
    in server::connection with remote: [::1]:55911, protocol: hq-29

  2024-04-13T05:57:32.900243Z  INFO server: complete
    at quinn/examples/server.rs:265
    in server::request
    in server::connection with remote: [::1]:55911, protocol: hq-29

  2024-04-13T05:57:32.900267Z DEBUG quinn::runtime::tokio: IO effect: transmitted datagram
    at quinn/src/runtime/tokio.rs:65
    in quinn::runtime::tokio::poll_send entry
    in quinn::runtime::tokio::poll_send

  2024-04-13T05:57:33.050731Z DEBUG quinn_proto::connection: timer event: connection handling Close timeout
    at quinn-proto/src/connection/mod.rs:1074
    in quinn_proto::connection::handle_timeout
    in quinn::connection::drive_timer
    in quinn::connection::drive with id: 1

  2024-04-13T05:57:33.050767Z DEBUG quinn_proto::connection: internal effect: connection reached close tiemr
    at quinn-proto/src/connection/mod.rs:1078
    in quinn_proto::connection::handle_timeout
    in quinn::connection::drive_timer
    in quinn::connection::drive with id: 1

  2024-04-13T05:57:33.050818Z DEBUG quinn_proto::endpoint: internal event: endpoint handling event from connection 1:
Drained
    at quinn-proto/src/endpoint.rs:94
    in quinn_proto::endpoint::handle_event

  2024-04-13T05:57:33.091043Z DEBUG quinn_proto::connection: timer event: connection handling Close timeout
    at quinn-proto/src/connection/mod.rs:1074
    in quinn_proto::connection::handle_timeout
    in quinn::connection::drive_timer
    in quinn::connection::drive with id: 0

  2024-04-13T05:57:33.091079Z DEBUG quinn_proto::connection: internal effect: connection reached close tiemr
    at quinn-proto/src/connection/mod.rs:1078
    in quinn_proto::connection::handle_timeout
    in quinn::connection::drive_timer
    in quinn::connection::drive with id: 0

  2024-04-13T05:57:33.091127Z DEBUG quinn_proto::endpoint: internal event: endpoint handling event from connection 0:
Drained
    at quinn-proto/src/endpoint.rs:94
    in quinn_proto::endpoint::handle_event

